[debug] [2025-05-10T20:50:21.100Z] ----------------------------------------------------------------------
[debug] [2025-05-10T20:50:21.101Z] Command:       /home/martin/.nvm/versions/node/v22.15.0/bin/node /home/martin/.nvm/versions/node/v22.15.0/bin/firebase init
[debug] [2025-05-10T20:50:21.101Z] CLI Version:   14.3.1
[debug] [2025-05-10T20:50:21.101Z] Platform:      linux
[debug] [2025-05-10T20:50:21.101Z] Node Version:  v22.15.0
[debug] [2025-05-10T20:50:21.101Z] Time:          Sat May 10 2025 14:50:21 GMT-0600 (Mountain Daylight Time)
[debug] [2025-05-10T20:50:21.101Z] ----------------------------------------------------------------------
[debug] 
[debug] [2025-05-10T20:50:21.105Z] > command requires scopes: ["email","openid","https://www.googleapis.com/auth/cloudplatformprojects.readonly","https://www.googleapis.com/auth/firebase","https://www.googleapis.com/auth/cloud-platform"]
[debug] [2025-05-10T20:50:21.105Z] > authorizing via signed-in user (maartin.arriola117@gmail.com)
[info] 
     ######## #### ########  ######## ########     ###     ######  ########
     ##        ##  ##     ## ##       ##     ##  ##   ##  ##       ##
     ######    ##  ########  ######   ########  #########  ######  ######
     ##        ##  ##    ##  ##       ##     ## ##     ##       ## ##
     ##       #### ##     ## ######## ########  ##     ##  ######  ########

You're about to initialize a Firebase project in this directory:

  /mnt/c/users/martin/desktop/martin/full apps/shawinv

Before we get started, keep in mind:

  * You are currently outside your home directory

[debug] [2025-05-10T20:52:12.316Z] ExitPromptError: User force closed the prompt with SIGINT
    at Interface.sigint (/home/martin/.nvm/versions/node/v22.15.0/lib/node_modules/firebase-tools/node_modules/@inquirer/core/dist/commonjs/lib/create-prompt.js:100:37)
    at Interface.emit (node:events:518:28)
    at Interface.emit (node:domain:489:12)
    at [_ttyWrite] [as _ttyWrite] (node:internal/readline/interface:1128:18)
    at ReadStream.onkeypress (node:internal/readline/interface:267:20)
    at ReadStream.emit (node:events:530:35)
    at ReadStream.emit (node:domain:489:12)
    at emitKeys (node:internal/readline/utils:370:14)
    at emitKeys.next (<anonymous>)
    at ReadStream.onData (node:internal/readline/emitKeypressEvents:64:36)
[error] 
[error] Error: An unexpected error has occurred.
